<?xml version="1.0" encoding="UTF-8"?>
<!-- Generated by org.testng.reporters.JUnitXMLReporter -->
<testsuite hostname="DEVWIN720" name="Test" tests="7" failures="1" timestamp="5 Oct 2016 12:10:44 GMT" time="54.186" errors="0">
  <testcase name="@AfterClass afterTest" time="0.0" classname="com.immidart.skypassTravel.ManualRequestTest">
    <failure type="java.lang.UnsatisfiedLinkError" message="C:\Users\bikasish.b\AppData\Local\Temp\jna--1799106436\jna8736939136448139696.dll: Access is denied">
      <![CDATA[java.lang.UnsatisfiedLinkError: C:\Users\bikasish.b\AppData\Local\Temp\jna--1799106436\jna8736939136448139696.dll: Access is denied
	at java.lang.ClassLoader$NativeLibrary.load(Native Method)
	at java.lang.ClassLoader.loadLibrary0(ClassLoader.java:1941)
	at java.lang.ClassLoader.loadLibrary(ClassLoader.java:1824)
	at java.lang.Runtime.load0(Runtime.java:809)
	at java.lang.System.load(System.java:1086)
	at com.sun.jna.Native.loadNativeDispatchLibraryFromClasspath(Native.java:761)
	at com.sun.jna.Native.loadNativeDispatchLibrary(Native.java:736)
	at com.sun.jna.Native.<clinit>(Native.java:131)
	at org.openqa.selenium.os.Kernel32.<clinit>(Kernel32.java:34)
	at org.openqa.selenium.os.ProcessUtils.killWinProcess(ProcessUtils.java:133)
	at org.openqa.selenium.os.ProcessUtils.killProcess(ProcessUtils.java:81)
	at org.openqa.selenium.os.UnixProcess$SeleniumWatchDog.destroyHarder(UnixProcess.java:247)
	at org.openqa.selenium.os.UnixProcess$SeleniumWatchDog.access$200(UnixProcess.java:201)
	at org.openqa.selenium.os.UnixProcess.destroy(UnixProcess.java:125)
	at org.openqa.selenium.os.CommandLine.destroy(CommandLine.java:155)
	at org.openqa.selenium.remote.service.DriverService.stop(DriverService.java:196)
	at org.openqa.selenium.remote.service.DriverCommandExecutor.execute(DriverCommandExecutor.java:94)
	at org.openqa.selenium.remote.RemoteWebDriver.execute(RemoteWebDriver.java:644)
	at org.openqa.selenium.remote.RemoteWebDriver.execute(RemoteWebDriver.java:701)
	at org.openqa.selenium.remote.RemoteWebDriver.quit(RemoteWebDriver.java:526)
	at com.immidart.skypassTravel.genericLibrary.Driver.closeBrowser(Driver.java:67)
	at com.immidart.skypassTravel.ManualRequestTest.afterTest(ManualRequestTest.java:58)
... Removed 25 stack frames]]>
    </failure>
  </testcase> <!-- @AfterClass afterTest -->
  <testcase name="@AfterClass afterClass" time="0.0" classname="com.immidart.skypassTravel.OperationTrackerTest">
    <failure type="java.lang.NoClassDefFoundError" message="Could not initialize class org.openqa.selenium.os.Kernel32">
      <![CDATA[java.lang.NoClassDefFoundError: Could not initialize class org.openqa.selenium.os.Kernel32
	at org.openqa.selenium.os.ProcessUtils.killWinProcess(ProcessUtils.java:133)
	at org.openqa.selenium.os.ProcessUtils.killProcess(ProcessUtils.java:81)
	at org.openqa.selenium.os.UnixProcess$SeleniumWatchDog.destroyHarder(UnixProcess.java:247)
	at org.openqa.selenium.os.UnixProcess$SeleniumWatchDog.access$200(UnixProcess.java:201)
	at org.openqa.selenium.os.UnixProcess.destroy(UnixProcess.java:125)
	at org.openqa.selenium.os.CommandLine.destroy(CommandLine.java:155)
	at org.openqa.selenium.remote.service.DriverService.stop(DriverService.java:196)
	at org.openqa.selenium.remote.service.DriverCommandExecutor.execute(DriverCommandExecutor.java:94)
	at org.openqa.selenium.remote.RemoteWebDriver.execute(RemoteWebDriver.java:644)
	at org.openqa.selenium.remote.RemoteWebDriver.execute(RemoteWebDriver.java:701)
	at org.openqa.selenium.remote.RemoteWebDriver.quit(RemoteWebDriver.java:526)
	at com.immidart.skypassTravel.genericLibrary.Driver.closeBrowser(Driver.java:67)
	at com.immidart.skypassTravel.OperationTrackerTest.afterClass(OperationTrackerTest.java:83)
... Removed 25 stack frames]]>
    </failure>
  </testcase> <!-- @AfterClass afterClass -->
  <testcase name="createManualRequestTest" time="9.361" classname="com.immidart.skypassTravel.ManualRequestTest"/>
  <testcase name="operationTrackerSearchTest" time="3.075" classname="com.immidart.skypassTravel.OperationTrackerTest"/>
  <testcase name="OperationRequestBasicDetailsTest" time="0.367" classname="com.immidart.skypassTravel.OperationTrackerTest"/>
  <testcase name="operationTrackerPassengerDetailsTest" time="1.419" classname="com.immidart.skypassTravel.OperationTrackerTest"/>
  <testcase name="operationTrackerProjectDetailsTest" time="1.956" classname="com.immidart.skypassTravel.OperationTrackerTest"/>
  <testcase name="operationTrackerDependentDetailsTest" time="3.897" classname="com.immidart.skypassTravel.OperationTrackerTest">
    <failure type="java.lang.NullPointerException">
      <![CDATA[java.lang.NullPointerException
	at com.immidart.skypassTravel.pageFactory.LandingPage.getTosterMessage(LandingPage.java:49)
	at com.immidart.skypassTravel.businessLibrary.OperationDependentDetailsLib.operationTrackerDependentDetails(OperationDependentDetailsLib.java:55)
	at com.immidart.skypassTravel.OperationTrackerTest.operationTrackerDependentDetailsTest(OperationTrackerTest.java:69)
... Removed 25 stack frames]]>
    </failure>
  </testcase> <!-- operationTrackerDependentDetailsTest -->
  <testcase name="OperationItineraryDetailsTest" time="0.0" classname="com.immidart.skypassTravel.OperationTrackerTest">
    <skipped/>
  </testcase> <!-- OperationItineraryDetailsTest -->
</testsuite> <!-- Test -->
